This is pdfTeX, Version 3.141592653-2.6-1.40.22 (TeX Live 2022/dev/Debian) (preloaded format=pdflatex 2023.3.24)  11 MAY 2023 23:42
entering extended mode
 restricted \write18 enabled.
 file:line:error style messages enabled.
 %&-line parsing enabled.
**/home/mendes/Desktop/C/Resumos2/Resumos.tex
(/home/mendes/Desktop/C/Resumos2/Resumos.tex
LaTeX2e <2021-11-15> patch level 1
L3 programming layer <2022-01-21> (/usr/share/texlive/texmf-dist/tex/latex/base/article.cls
Document Class: article 2021/10/04 v1.4n Standard LaTeX document class
(/usr/share/texlive/texmf-dist/tex/latex/base/size10.clo
File: size10.clo 2021/10/04 v1.4n Standard LaTeX file (size option)
)
\c@part=\count185
\c@section=\count186
\c@subsection=\count187
\c@subsubsection=\count188
\c@paragraph=\count189
\c@subparagraph=\count190
\c@figure=\count191
\c@table=\count192
\abovecaptionskip=\skip47
\belowcaptionskip=\skip48
\bibindent=\dimen138
) (/usr/share/texlive/texmf-dist/tex/latex/base/inputenc.sty
Package: inputenc 2021/02/14 v1.3d Input encoding file
\inpenc@prehook=\toks16
\inpenc@posthook=\toks17
) (/usr/share/texlive/texmf-dist/tex/latex/tools/indentfirst.sty
Package: indentfirst 1995/11/23 v1.03 Indent first paragraph (DPC)
) (/usr/share/texlive/texmf-dist/tex/latex/titling/titling.sty
Package: titling 2009/09/04 v2.1d maketitle typesetting
\thanksmarkwidth=\skip49
\thanksmargin=\skip50
\droptitle=\skip51
) (/usr/share/texlive/texmf-dist/tex/latex/geometry/geometry.sty
Package: geometry 2020/01/02 v5.9 Page Geometry
 (/usr/share/texlive/texmf-dist/tex/latex/graphics/keyval.sty
Package: keyval 2014/10/28 v1.15 key=value parser (DPC)
\KV@toks@=\toks18
) (/usr/share/texlive/texmf-dist/tex/generic/iftex/ifvtex.sty
Package: ifvtex 2019/10/25 v1.7 ifvtex legacy package. Use iftex instead.
 (/usr/share/texlive/texmf-dist/tex/generic/iftex/iftex.sty
Package: iftex 2020/03/06 v1.0d TeX engine tests
))
\Gm@cnth=\count193
\Gm@cntv=\count194
\c@Gm@tempcnt=\count195
\Gm@bindingoffset=\dimen139
\Gm@wd@mp=\dimen140
\Gm@odd@mp=\dimen141
\Gm@even@mp=\dimen142
\Gm@layoutwidth=\dimen143
\Gm@layoutheight=\dimen144
\Gm@layouthoffset=\dimen145
\Gm@layoutvoffset=\dimen146
\Gm@dimlist=\toks19
) (/usr/share/texlive/texmf-dist/tex/latex/graphics/graphicx.sty
Package: graphicx 2021/09/16 v1.2d Enhanced LaTeX Graphics (DPC,SPQR)
 (/usr/share/texlive/texmf-dist/tex/latex/graphics/graphics.sty
Package: graphics 2021/03/04 v1.4d Standard LaTeX Graphics (DPC,SPQR)
 (/usr/share/texlive/texmf-dist/tex/latex/graphics/trig.sty
Package: trig 2021/08/11 v1.11 sin cos tan (DPC)
) (/usr/share/texlive/texmf-dist/tex/latex/graphics-cfg/graphics.cfg
File: graphics.cfg 2016/06/04 v1.11 sample graphics configuration
)
Package graphics Info: Driver file: pdftex.def on input line 107.
 (/usr/share/texlive/texmf-dist/tex/latex/graphics-def/pdftex.def
File: pdftex.def 2020/10/05 v1.2a Graphics/color driver for pdftex
))
\Gin@req@height=\dimen147
\Gin@req@width=\dimen148
) (/usr/share/texlive/texmf-dist/tex/latex/amsfonts/amsfonts.sty
Package: amsfonts 2013/01/14 v3.01 Basic AMSFonts support
\@emptytoks=\toks20
\symAMSa=\mathgroup4
\symAMSb=\mathgroup5
LaTeX Font Info:    Redeclaring math symbol \hbar on input line 98.
LaTeX Font Info:    Overwriting math alphabet `\mathfrak' in version `bold'
(Font)                  U/euf/m/n --> U/euf/b/n on input line 106.
) (/usr/share/texlive/texmf-dist/tex/latex/mathtools/mathtools.sty
Package: mathtools 2021/02/02 v1.28 mathematical typesetting tools
 (/usr/share/texlive/texmf-dist/tex/latex/tools/calc.sty
Package: calc 2017/05/25 v4.3 Infix arithmetic (KKT,FJ)
\calc@Acount=\count196
\calc@Bcount=\count197
\calc@Adimen=\dimen149
\calc@Bdimen=\dimen150
\calc@Askip=\skip52
\calc@Bskip=\skip53
LaTeX Info: Redefining \setlength on input line 80.
LaTeX Info: Redefining \addtolength on input line 81.
\calc@Ccount=\count198
\calc@Cskip=\skip54
) (/usr/share/texlive/texmf-dist/tex/latex/mathtools/mhsetup.sty
Package: mhsetup 2021/03/18 v1.4 programming setup (MH)
) (/usr/share/texlive/texmf-dist/tex/latex/amsmath/amsmath.sty
Package: amsmath 2021/10/15 v2.17l AMS math features
\@mathmargin=\skip55

For additional information on amsmath, use the `?' option.
(/usr/share/texlive/texmf-dist/tex/latex/amsmath/amstext.sty
Package: amstext 2021/08/26 v2.01 AMS text
 (/usr/share/texlive/texmf-dist/tex/latex/amsmath/amsgen.sty
File: amsgen.sty 1999/11/30 v2.0 generic functions
\@emptytoks=\toks21
\ex@=\dimen151
)) (/usr/share/texlive/texmf-dist/tex/latex/amsmath/amsbsy.sty
Package: amsbsy 1999/11/29 v1.2d Bold Symbols
\pmbraise@=\dimen152
) (/usr/share/texlive/texmf-dist/tex/latex/amsmath/amsopn.sty
Package: amsopn 2021/08/26 v2.02 operator names
)
\inf@bad=\count199
LaTeX Info: Redefining \frac on input line 234.
\uproot@=\count266
\leftroot@=\count267
LaTeX Info: Redefining \overline on input line 399.
\classnum@=\count268
\DOTSCASE@=\count269
LaTeX Info: Redefining \ldots on input line 496.
LaTeX Info: Redefining \dots on input line 499.
LaTeX Info: Redefining \cdots on input line 620.
\Mathstrutbox@=\box50
\strutbox@=\box51
\big@size=\dimen153
LaTeX Font Info:    Redeclaring font encoding OML on input line 743.
LaTeX Font Info:    Redeclaring font encoding OMS on input line 744.
\macc@depth=\count270
\c@MaxMatrixCols=\count271
\dotsspace@=\muskip16
\c@parentequation=\count272
\dspbrk@lvl=\count273
\tag@help=\toks22
\row@=\count274
\column@=\count275
\maxfields@=\count276
\andhelp@=\toks23
\eqnshift@=\dimen154
\alignsep@=\dimen155
\tagshift@=\dimen156
\tagwidth@=\dimen157
\totwidth@=\dimen158
\lineht@=\dimen159
\@envbody=\toks24
\multlinegap=\skip56
\multlinetaggap=\skip57
\mathdisplay@stack=\toks25
LaTeX Info: Redefining \[ on input line 2938.
LaTeX Info: Redefining \] on input line 2939.
)
\g_MT_multlinerow_int=\count277
\l_MT_multwidth_dim=\dimen160
\origjot=\skip58
\l_MT_shortvdotswithinadjustabove_dim=\dimen161
\l_MT_shortvdotswithinadjustbelow_dim=\dimen162
\l_MT_above_intertext_sep=\dimen163
\l_MT_below_intertext_sep=\dimen164
\l_MT_above_shortintertext_sep=\dimen165
\l_MT_below_shortintertext_sep=\dimen166
\xmathstrut@box=\box52
\xmathstrut@dim=\dimen167
) (/usr/share/texlive/texmf-dist/tex/latex/enumitem/enumitem.sty
Package: enumitem 2019/06/20 v3.9 Customized lists
\labelindent=\skip59
\enit@outerparindent=\dimen168
\enit@toks=\toks26
\enit@inbox=\box53
\enit@count@id=\count278
\enitdp@description=\count279
) (/usr/share/texlive/texmf-dist/tex/latex/fancyhdr/fancyhdr.sty
Package: fancyhdr 2021/01/28 v4.0.1 Extensive control of page headers and footers
\f@nch@headwidth=\skip60
\f@nch@O@elh=\skip61
\f@nch@O@erh=\skip62
\f@nch@O@olh=\skip63
\f@nch@O@orh=\skip64
\f@nch@O@elf=\skip65
\f@nch@O@erf=\skip66
\f@nch@O@olf=\skip67
\f@nch@O@orf=\skip68
) (/usr/share/texlive/texmf-dist/tex/generic/ulem/ulem.sty
\UL@box=\box54
\UL@hyphenbox=\box55
\UL@skip=\skip69
\UL@hook=\toks27
\UL@height=\dimen169
\UL@pe=\count280
\UL@pixel=\dimen170
\ULC@box=\box56
Package: ulem 2019/11/18
\ULdepth=\dimen171
) (/usr/share/texlive/texmf-dist/tex/latex/xcolor/xcolor.sty
Package: xcolor 2021/10/31 v2.13 LaTeX color extensions (UK)
 (/usr/share/texlive/texmf-dist/tex/latex/graphics-cfg/color.cfg
File: color.cfg 2016/01/02 v1.6 sample color configuration
)
Package xcolor Info: Driver file: pdftex.def on input line 227.
Package xcolor Info: Model `cmy' substituted by `cmy0' on input line 1352.
Package xcolor Info: Model `hsb' substituted by `rgb' on input line 1356.
Package xcolor Info: Model `RGB' extended on input line 1368.
Package xcolor Info: Model `HTML' substituted by `rgb' on input line 1370.
Package xcolor Info: Model `Hsb' substituted by `hsb' on input line 1371.
Package xcolor Info: Model `tHsb' substituted by `hsb' on input line 1372.
Package xcolor Info: Model `HSB' substituted by `hsb' on input line 1373.
Package xcolor Info: Model `Gray' substituted by `gray' on input line 1374.
Package xcolor Info: Model `wave' substituted by `hsb' on input line 1375.
 (/usr/share/texlive/texmf-dist/tex/latex/graphics/dvipsnam.def
File: dvipsnam.def 2016/06/17 v3.0m Driver-dependent file (DPC,SPQR)
)) (/usr/share/texlive/texmf-dist/tex/latex/l3backend/l3backend-pdftex.def
File: l3backend-pdftex.def 2022-01-12 L3 backend support: PDF output (pdfTeX)
\l__color_backend_stack_int=\count281
\l__pdf_internal_box=\box57
) (./Resumos.aux)
\openout1 = `Resumos.aux'.

LaTeX Font Info:    Checking defaults for OML/cmm/m/it on input line 36.
LaTeX Font Info:    ... okay on input line 36.
LaTeX Font Info:    Checking defaults for OMS/cmsy/m/n on input line 36.
LaTeX Font Info:    ... okay on input line 36.
LaTeX Font Info:    Checking defaults for OT1/cmr/m/n on input line 36.
LaTeX Font Info:    ... okay on input line 36.
LaTeX Font Info:    Checking defaults for T1/cmr/m/n on input line 36.
LaTeX Font Info:    ... okay on input line 36.
LaTeX Font Info:    Checking defaults for TS1/cmr/m/n on input line 36.
LaTeX Font Info:    ... okay on input line 36.
LaTeX Font Info:    Checking defaults for OMX/cmex/m/n on input line 36.
LaTeX Font Info:    ... okay on input line 36.
LaTeX Font Info:    Checking defaults for U/cmr/m/n on input line 36.
LaTeX Font Info:    ... okay on input line 36.

*geometry* driver: auto-detecting
*geometry* detected driver: pdftex
*geometry* verbose mode - [ preamble ] result:
* driver: pdftex
* paper: a4paper
* layout: <same size as paper>
* layoutoffset:(h,v)=(0.0pt,0.0pt)
* modes: 
* h-part:(L,W,R)=(89.62709pt, 418.25368pt, 89.6271pt)
* v-part:(T,H,B)=(156.49014pt, 560.5193pt, 128.0374pt)
* \paperwidth=597.50787pt
* \paperheight=845.04684pt
* \textwidth=418.25368pt
* \textheight=560.5193pt
* \oddsidemargin=17.3571pt
* \evensidemargin=17.3571pt
* \topmargin=-54.59087pt
* \headheight=113.81102pt
* \headsep=25.0pt
* \topskip=10.0pt
* \footskip=113.81102pt
* \marginparwidth=65.0pt
* \marginparsep=11.0pt
* \columnsep=10.0pt
* \skip\footins=9.0pt plus 4.0pt minus 2.0pt
* \hoffset=0.0pt
* \voffset=0.0pt
* \mag=1000
* \@twocolumnfalse
* \@twosidefalse
* \@mparswitchfalse
* \@reversemarginfalse
* (1in=72.27pt=25.4mm, 1cm=28.453pt)

(/usr/share/texlive/texmf-dist/tex/context/base/mkii/supp-pdf.mkii
[Loading MPS to PDF converter (version 2006.09.02).]
\scratchcounter=\count282
\scratchdimen=\dimen172
\scratchbox=\box58
\nofMPsegments=\count283
\nofMParguments=\count284
\everyMPshowfont=\toks28
\MPscratchCnt=\count285
\MPscratchDim=\dimen173
\MPnumerator=\count286
\makeMPintoPDFobject=\count287
\everyMPtoPDFconversion=\toks29
) (/usr/share/texlive/texmf-dist/tex/latex/epstopdf-pkg/epstopdf-base.sty
Package: epstopdf-base 2020-01-24 v2.11 Base part for package epstopdf
 (/usr/share/texlive/texmf-dist/tex/generic/infwarerr/infwarerr.sty
Package: infwarerr 2019/12/03 v1.5 Providing info/warning/error messages (HO)
) (/usr/share/texlive/texmf-dist/tex/latex/grfext/grfext.sty
Package: grfext 2019/12/03 v1.3 Manage graphics extensions (HO)
 (/usr/share/texlive/texmf-dist/tex/generic/kvdefinekeys/kvdefinekeys.sty
Package: kvdefinekeys 2019-12-19 v1.6 Define keys (HO)
)) (/usr/share/texlive/texmf-dist/tex/latex/kvoptions/kvoptions.sty
Package: kvoptions 2020-10-07 v3.14 Key value format for package options (HO)
 (/usr/share/texlive/texmf-dist/tex/generic/ltxcmds/ltxcmds.sty
Package: ltxcmds 2020-05-10 v1.25 LaTeX kernel commands for general use (HO)
) (/usr/share/texlive/texmf-dist/tex/generic/kvsetkeys/kvsetkeys.sty
Package: kvsetkeys 2019/12/15 v1.18 Key value parser (HO)
)) (/usr/share/texlive/texmf-dist/tex/generic/pdftexcmds/pdftexcmds.sty
Package: pdftexcmds 2020-06-27 v0.33 Utility functions of pdfTeX for LuaTeX (HO)
Package pdftexcmds Info: \pdf@primitive is available.
Package pdftexcmds Info: \pdf@ifprimitive is available.
Package pdftexcmds Info: \pdfdraftmode found.
)
Package epstopdf-base Info: Redefining graphics rule for `.eps' on input line 485.
Package grfext Info: Graphics extension search list:
(grfext)             [.pdf,.png,.jpg,.mps,.jpeg,.jbig2,.jb2,.PDF,.PNG,.JPG,.JPEG,.JBIG2,.JB2,.eps]
(grfext)             \AppendGraphicsExtensions on input line 504.
 (/usr/share/texlive/texmf-dist/tex/latex/latexconfig/epstopdf-sys.cfg
File: epstopdf-sys.cfg 2010/07/13 v1.3 Configuration of (r)epstopdf for TeX Live
))
LaTeX Font Info:    Trying to load font information for U+msa on input line 40.
 (/usr/share/texlive/texmf-dist/tex/latex/amsfonts/umsa.fd
File: umsa.fd 2013/01/14 v3.01 AMS symbols A
)
LaTeX Font Info:    Trying to load font information for U+msb on input line 40.
 (/usr/share/texlive/texmf-dist/tex/latex/amsfonts/umsb.fd
File: umsb.fd 2013/01/14 v3.01 AMS symbols B
)
<UA.png, id=1, 368.37625pt x 137.51375pt>
File: UA.png Graphic file (type png)
<use UA.png>
Package pdftex.def Info: UA.png  used on input line 42.
(pdftex.def)             Requested size: 147.34789pt x 55.00452pt.
 [1

{/var/lib/texmf/fonts/map/pdftex/updmap/pdftex.map} <./UA.png>]
<./img//1.png, id=10, 637.38126pt x 483.8075pt>
File: ./img//1.png Graphic file (type png)
<use ./img//1.png>
Package pdftex.def Info: ./img//1.png  used on input line 55.
(pdftex.def)             Requested size: 254.94798pt x 193.51956pt.
<UA.jpg, id=12, 903.375pt x 903.375pt>
File: UA.jpg Graphic file (type jpg)
<use UA.jpg>
Package pdftex.def Info: UA.jpg  used on input line 80.
(pdftex.def)             Requested size: 9.02876pt x 9.02876pt.
 [1 <./img//1.png> <./UA.jpg>]
File: UA.jpg Graphic file (type jpg)
<use UA.jpg>
Package pdftex.def Info: UA.jpg  used on input line 141.
(pdftex.def)             Requested size: 9.02876pt x 9.02876pt.
 [2]
<./img//27.png, id=28, 710.655pt x 300.12125pt>
File: ./img//27.png Graphic file (type png)
<use ./img//27.png>
Package pdftex.def Info: ./img//27.png  used on input line 145.
(pdftex.def)             Requested size: 284.25696pt x 120.04637pt.
File: UA.jpg Graphic file (type jpg)
<use UA.jpg>
Package pdftex.def Info: UA.jpg  used on input line 181.
(pdftex.def)             Requested size: 9.02876pt x 9.02876pt.
 [3 <./img//27.png>]
<./img//2.png, id=33, 710.655pt x 447.6725pt>
File: ./img//2.png Graphic file (type png)
<use ./img//2.png>
Package pdftex.def Info: ./img//2.png  used on input line 186.
(pdftex.def)             Requested size: 284.25696pt x 179.06583pt.
File: UA.jpg Graphic file (type jpg)
<use UA.jpg>
Package pdftex.def Info: UA.jpg  used on input line 214.
(pdftex.def)             Requested size: 9.02876pt x 9.02876pt.
 [4 <./img//2.png>]
<./img//3.png, id=38, 713.66624pt x 301.125pt>
File: ./img//3.png Graphic file (type png)
<use ./img//3.png>
Package pdftex.def Info: ./img//3.png  used on input line 231.
(pdftex.def)             Requested size: 285.46143pt x 120.44786pt.
File: UA.jpg Graphic file (type jpg)
<use UA.jpg>
Package pdftex.def Info: UA.jpg  used on input line 256.
(pdftex.def)             Requested size: 9.02876pt x 9.02876pt.
 [5 <./img//3.png>]
<./img//4.png, id=46, 709.65125pt x 369.38pt>
File: ./img//4.png Graphic file (type png)
<use ./img//4.png>
Package pdftex.def Info: ./img//4.png  used on input line 260.
(pdftex.def)             Requested size: 283.85547pt x 147.74937pt.
File: UA.jpg Graphic file (type jpg)
<use UA.jpg>
Package pdftex.def Info: UA.jpg  used on input line 296.
(pdftex.def)             Requested size: 9.02876pt x 9.02876pt.
 [6 <./img//4.png>]
File: UA.jpg Graphic file (type jpg)
<use UA.jpg>
Package pdftex.def Info: UA.jpg  used on input line 334.
(pdftex.def)             Requested size: 9.02876pt x 9.02876pt.
 [7]
<./img//5.png, id=55, 707.64375pt x 339.2675pt>
File: ./img//5.png Graphic file (type png)
<use ./img//5.png>
Package pdftex.def Info: ./img//5.png  used on input line 340.
(pdftex.def)             Requested size: 283.05249pt x 135.70459pt.
<./img//6.png, id=56, 707.64375pt x 339.2675pt>
File: ./img//6.png Graphic file (type png)
<use ./img//6.png>
Package pdftex.def Info: ./img//6.png  used on input line 346.
(pdftex.def)             Requested size: 283.05249pt x 135.70459pt.
<./img//7.png, id=57, 707.64375pt x 218.8175pt>
File: ./img//7.png Graphic file (type png)
<use ./img//7.png>
Package pdftex.def Info: ./img//7.png  used on input line 355.
(pdftex.def)             Requested size: 283.05249pt x 87.52544pt.
File: UA.jpg Graphic file (type jpg)
<use UA.jpg>
Package pdftex.def Info: UA.jpg  used on input line 363.
(pdftex.def)             Requested size: 9.02876pt x 9.02876pt.
 [8 <./img//5.png> <./img//6.png> <./img//7.png>]
<./img//8.png, id=64, 707.64375pt x 314.17375pt>
File: ./img//8.png Graphic file (type png)
<use ./img//8.png>
Package pdftex.def Info: ./img//8.png  used on input line 370.
(pdftex.def)             Requested size: 283.05249pt x 125.66727pt.
<./img//9.png, id=65, 707.64375pt x 314.17375pt>
File: ./img//9.png Graphic file (type png)
<use ./img//9.png>
Package pdftex.def Info: ./img//9.png  used on input line 376.
(pdftex.def)             Requested size: 283.05249pt x 125.66727pt.
<./img//10.png, id=66, 707.64375pt x 314.17375pt>
File: ./img//10.png Graphic file (type png)
<use ./img//10.png>
Package pdftex.def Info: ./img//10.png  used on input line 385.
(pdftex.def)             Requested size: 283.05249pt x 125.66727pt.
<./img//11.png, id=67, 707.64375pt x 295.1025pt>
File: ./img//11.png Graphic file (type png)
<use ./img//11.png>
Package pdftex.def Info: ./img//11.png  used on input line 399.
(pdftex.def)             Requested size: 283.05249pt x 118.0389pt.
File: UA.jpg Graphic file (type jpg)
<use UA.jpg>
Package pdftex.def Info: UA.jpg  used on input line 402.
(pdftex.def)             Requested size: 9.02876pt x 9.02876pt.
 [9 <./img//8.png> <./img//9.png> <./img//10.png>]
<./img//12.png, id=74, 707.64375pt x 295.1025pt>
File: ./img//12.png Graphic file (type png)
<use ./img//12.png>
Package pdftex.def Info: ./img//12.png  used on input line 405.
(pdftex.def)             Requested size: 283.05249pt x 118.0389pt.
<./img//13.png, id=75, 707.64375pt x 253.94875pt>
File: ./img//13.png Graphic file (type png)
<use ./img//13.png>
Package pdftex.def Info: ./img//13.png  used on input line 415.
(pdftex.def)             Requested size: 283.05249pt x 101.5777pt.
File: UA.jpg Graphic file (type jpg)
<use UA.jpg>
Package pdftex.def Info: UA.jpg  used on input line 425.
(pdftex.def)             Requested size: 9.02876pt x 9.02876pt.
 [10 <./img//11.png> <./img//12.png> <./img//13.png>]
<./img//14.png, id=82, 707.64375pt x 373.395pt>
File: ./img//14.png Graphic file (type png)
<use ./img//14.png>
Package pdftex.def Info: ./img//14.png  used on input line 432.
(pdftex.def)             Requested size: 283.05249pt x 149.35535pt.
<./img//15.png, id=83, 707.64375pt x 373.395pt>
File: ./img//15.png Graphic file (type png)
<use ./img//15.png>
Package pdftex.def Info: ./img//15.png  used on input line 437.
(pdftex.def)             Requested size: 283.05249pt x 149.35535pt.
<./img//16.png, id=84, 707.64375pt x 373.395pt>
File: ./img//16.png Graphic file (type png)
<use ./img//16.png>
Package pdftex.def Info: ./img//16.png  used on input line 442.
(pdftex.def)             Requested size: 283.05249pt x 149.35535pt.
File: UA.jpg Graphic file (type jpg)
<use UA.jpg>
Package pdftex.def Info: UA.jpg  used on input line 447.
(pdftex.def)             Requested size: 9.02876pt x 9.02876pt.
 [11 <./img//14.png> <./img//15.png> <./img//16.png>]
<./img//17.png, id=91, 707.64375pt x 373.395pt>
File: ./img//17.png Graphic file (type png)
<use ./img//17.png>
Package pdftex.def Info: ./img//17.png  used on input line 449.
(pdftex.def)             Requested size: 283.05249pt x 149.35535pt.
<./img//18.png, id=92, 707.64375pt x 373.395pt>
File: ./img//18.png Graphic file (type png)
<use ./img//18.png>
Package pdftex.def Info: ./img//18.png  used on input line 454.
(pdftex.def)             Requested size: 283.05249pt x 149.35535pt.
<./img//19.png, id=93, 707.64375pt x 373.395pt>
File: ./img//19.png Graphic file (type png)
<use ./img//19.png>
Package pdftex.def Info: ./img//19.png  used on input line 459.
(pdftex.def)             Requested size: 283.05249pt x 149.35535pt.
<./img//20.png, id=94, 707.64375pt x 373.395pt>
File: ./img//20.png Graphic file (type png)
<use ./img//20.png>
Package pdftex.def Info: ./img//20.png  used on input line 464.
(pdftex.def)             Requested size: 283.05249pt x 149.35535pt.
File: UA.jpg Graphic file (type jpg)
<use UA.jpg>
Package pdftex.def Info: UA.jpg  used on input line 465.
(pdftex.def)             Requested size: 9.02876pt x 9.02876pt.
 [12 <./img//17.png> <./img//18.png> <./img//19.png>]
<./img//21.png, id=102, 707.64375pt x 373.395pt>
File: ./img//21.png Graphic file (type png)
<use ./img//21.png>
Package pdftex.def Info: ./img//21.png  used on input line 470.
(pdftex.def)             Requested size: 283.05249pt x 149.35535pt.
<./img//22.png, id=103, 368.37625pt x 81.30376pt>
File: ./img//22.png Graphic file (type png)
<use ./img//22.png>
Package pdftex.def Info: ./img//22.png  used on input line 488.
(pdftex.def)             Requested size: 147.34789pt x 32.52092pt.
File: UA.jpg Graphic file (type jpg)
<use UA.jpg>
Package pdftex.def Info: UA.jpg  used on input line 492.
(pdftex.def)             Requested size: 9.02876pt x 9.02876pt.
 [13 <./img//20.png> <./img//21.png> <./img//22.png>]
<./img//23.png, id=110, 710.655pt x 445.665pt>
File: ./img//23.png Graphic file (type png)
<use ./img//23.png>
Package pdftex.def Info: ./img//23.png  used on input line 513.
(pdftex.def)             Requested size: 283.55212pt x 177.82082pt.
<./img//24.png, id=111, 710.655pt x 436.63126pt>
File: ./img//24.png Graphic file (type png)
<use ./img//24.png>
Package pdftex.def Info: ./img//24.png  used on input line 517.
(pdftex.def)             Requested size: 283.55212pt x 174.21634pt.
File: UA.jpg Graphic file (type jpg)
<use UA.jpg>
Package pdftex.def Info: UA.jpg  used on input line 521.
(pdftex.def)             Requested size: 9.02876pt x 9.02876pt.
 [14 <./img//23.png> <./img//24.png>]
<./img//25.png, id=117, 710.655pt x 369.38pt>
File: ./img//25.png Graphic file (type png)
<use ./img//25.png>
Package pdftex.def Info: ./img//25.png  used on input line 525.
(pdftex.def)             Requested size: 284.25696pt x 147.74937pt.
<./img//26.png, id=118, 710.655pt x 224.84pt>
File: ./img//26.png Graphic file (type png)
<use ./img//26.png>
Package pdftex.def Info: ./img//26.png  used on input line 529.
(pdftex.def)             Requested size: 284.25696pt x 89.9344pt.
<./img//28.png, id=119, 374.39874pt x 121.45375pt>
File: ./img//28.png Graphic file (type png)
<use ./img//28.png>
Package pdftex.def Info: ./img//28.png  used on input line 542.
(pdftex.def)             Requested size: 187.19891pt x 60.72672pt.
File: UA.jpg Graphic file (type jpg)
<use UA.jpg>
Package pdftex.def Info: UA.jpg  used on input line 549.
(pdftex.def)             Requested size: 9.02876pt x 9.02876pt.
 [15 <./img//25.png> <./img//26.png> <./img//28.png>]
<./img//29.png, id=126, 505.89pt x 194.7275pt>
File: ./img//29.png Graphic file (type png)
<use ./img//29.png>
Package pdftex.def Info: ./img//29.png  used on input line 555.
(pdftex.def)             Requested size: 252.94437pt x 97.3635pt.
<./img//30.png, id=127, 801.99625pt x 295.1025pt>
File: ./img//30.png Graphic file (type png)
<use ./img//30.png>
Package pdftex.def Info: ./img//30.png  used on input line 571.
(pdftex.def)             Requested size: 320.79282pt x 118.0389pt.
<./img//31.png, id=128, 801.99625pt x 241.90375pt>
File: ./img//31.png Graphic file (type png)
<use ./img//31.png>
Package pdftex.def Info: ./img//31.png  used on input line 578.
(pdftex.def)             Requested size: 320.79282pt x 96.75978pt.
File: UA.jpg Graphic file (type jpg)
<use UA.jpg>
Package pdftex.def Info: UA.jpg  used on input line 584.
(pdftex.def)             Requested size: 9.02876pt x 9.02876pt.
 [16 <./img//29.png> <./img//30.png> <./img//31.png>]
<./img//32.png, id=135, 801.99625pt x 237.88875pt>
File: ./img//32.png Graphic file (type png)
<use ./img//32.png>
Package pdftex.def Info: ./img//32.png  used on input line 586.
(pdftex.def)             Requested size: 320.79282pt x 95.15381pt.
<./img//33.png, id=136, 460.72125pt x 109.40875pt>
File: ./img//33.png Graphic file (type png)
<use ./img//33.png>
Package pdftex.def Info: ./img//33.png  used on input line 609.
(pdftex.def)             Requested size: 230.36006pt x 54.70422pt.
<./img//34.png, id=137, 797.98125pt x 147.55125pt>
File: ./img//34.png Graphic file (type png)
<use ./img//34.png>
Package pdftex.def Info: ./img//34.png  used on input line 621.
(pdftex.def)             Requested size: 319.18684pt x 59.01944pt.
File: UA.jpg Graphic file (type jpg)
<use UA.jpg>
Package pdftex.def Info: UA.jpg  used on input line 625.
(pdftex.def)             Requested size: 9.02876pt x 9.02876pt.
 [17 <./img//32.png> <./img//33.png> <./img//34.png>]
<./img//35.png, id=144, 797.98125pt x 475.7775pt>
File: ./img//35.png Graphic file (type png)
<use ./img//35.png>
Package pdftex.def Info: ./img//35.png  used on input line 627.
(pdftex.def)             Requested size: 319.18684pt x 190.30762pt.
<./img//36.png, id=145, 357.335pt x 123.46124pt>
File: ./img//36.png Graphic file (type png)
<use ./img//36.png>
Package pdftex.def Info: ./img//36.png  used on input line 643.
(pdftex.def)             Requested size: 178.66705pt x 61.73045pt.
<./img//37.png, id=146, 620.3175pt x 123.46124pt>
File: ./img//37.png Graphic file (type png)
<use ./img//37.png>
Package pdftex.def Info: ./img//37.png  used on input line 647.
(pdftex.def)             Requested size: 310.15799pt x 61.73045pt.
File: UA.jpg Graphic file (type jpg)
<use UA.jpg>
Package pdftex.def Info: UA.jpg  used on input line 651.
(pdftex.def)             Requested size: 9.02876pt x 9.02876pt.
 [18 <./img//35.png> <./img//36.png> <./img//37.png>]
<./img//38.png, id=154, 795.97375pt x 529.98pt>
File: ./img//38.png Graphic file (type png)
<use ./img//38.png>
Package pdftex.def Info: ./img//38.png  used on input line 653.
(pdftex.def)             Requested size: 397.9859pt x 264.98933pt.
<./img//39.png, id=155, 799.98875pt x 488.82625pt>
File: ./img//39.png Graphic file (type png)
<use ./img//39.png>
Package pdftex.def Info: ./img//39.png  used on input line 659.
(pdftex.def)             Requested size: 319.98984pt x 195.52702pt.
<./img//40.png, id=156, 799.98875pt x 457.71pt>
File: ./img//40.png Graphic file (type png)
<use ./img//40.png>
Package pdftex.def Info: ./img//40.png  used on input line 665.
(pdftex.def)             Requested size: 319.98984pt x 183.08075pt.
File: UA.jpg Graphic file (type jpg)
<use UA.jpg>
Package pdftex.def Info: UA.jpg  used on input line 666.
(pdftex.def)             Requested size: 9.02876pt x 9.02876pt.
 [19 <./img//38.png> <./img//39.png>]
<./img//41.png, id=162, 799.98875pt x 421.575pt>
File: ./img//41.png Graphic file (type png)
<use ./img//41.png>
Package pdftex.def Info: ./img//41.png  used on input line 677.
(pdftex.def)             Requested size: 319.98984pt x 168.627pt.
<./img//42.png, id=163, 799.98875pt x 365.365pt>
File: ./img//42.png Graphic file (type png)
<use ./img//42.png>
Package pdftex.def Info: ./img//42.png  used on input line 687.
(pdftex.def)             Requested size: 319.98984pt x 146.1434pt.
File: UA.jpg Graphic file (type jpg)
<use UA.jpg>
Package pdftex.def Info: UA.jpg  used on input line 690.
(pdftex.def)             Requested size: 9.02876pt x 9.02876pt.
 [20 <./img//40.png> <./img//41.png>]
<./img//43.png, id=169, 799.98875pt x 386.44376pt>
File: ./img//43.png Graphic file (type png)
<use ./img//43.png>
Package pdftex.def Info: ./img//43.png  used on input line 694.
(pdftex.def)             Requested size: 319.98984pt x 154.57475pt.
<./img//44.png, id=170, 799.98875pt x 423.5825pt>
File: ./img//44.png Graphic file (type png)
<use ./img//44.png>
Package pdftex.def Info: ./img//44.png  used on input line 701.
(pdftex.def)             Requested size: 315.9982pt x 167.31648pt.
File: UA.jpg Graphic file (type jpg)
<use UA.jpg>
Package pdftex.def Info: UA.jpg  used on input line 705.
(pdftex.def)             Requested size: 9.02876pt x 9.02876pt.
 [21 <./img//42.png> <./img//43.png> <./img//44.png>]
<./img//45.png, id=177, 799.98875pt x 301.125pt>
File: ./img//45.png Graphic file (type png)
<use ./img//45.png>
Package pdftex.def Info: ./img//45.png  used on input line 710.
(pdftex.def)             Requested size: 319.98984pt x 120.44786pt.
<./img//46.png, id=178, 532.99126pt x 126.4725pt>
File: ./img//46.png Graphic file (type png)
<use ./img//46.png>
Package pdftex.def Info: ./img//46.png  used on input line 720.
(pdftex.def)             Requested size: 239.84384pt x 56.9121pt.
<./img//47.png, id=179, 798.985pt x 487.8225pt>
File: ./img//47.png Graphic file (type png)
<use ./img//47.png>
Package pdftex.def Info: ./img//47.png  used on input line 737.
(pdftex.def)             Requested size: 319.58833pt x 195.12553pt.
File: UA.jpg Graphic file (type jpg)
<use UA.jpg>
Package pdftex.def Info: UA.jpg  used on input line 738.
(pdftex.def)             Requested size: 9.02876pt x 9.02876pt.
 [22 <./img//45.png> <./img//46.png>]
<./img//48.png, id=185, 798.985pt x 491.8375pt>
File: ./img//48.png Graphic file (type png)
<use ./img//48.png>
Package pdftex.def Info: ./img//48.png  used on input line 741.
(pdftex.def)             Requested size: 319.58833pt x 196.7315pt.
File: UA.jpg Graphic file (type jpg)
<use UA.jpg>
Package pdftex.def Info: UA.jpg  used on input line 745.
(pdftex.def)             Requested size: 9.02876pt x 9.02876pt.
 [23 <./img//47.png> <./img//48.png>]
<./img//49.png, id=191, 798.985pt x 259.97125pt>
File: ./img//49.png Graphic file (type png)
<use ./img//49.png>
Package pdftex.def Info: ./img//49.png  used on input line 749.
(pdftex.def)             Requested size: 319.58833pt x 103.98665pt.
<./img//50.png, id=192, 615.29875pt x 139.52126pt>
File: ./img//50.png Graphic file (type png)
<use ./img//50.png>
Package pdftex.def Info: ./img//50.png  used on input line 757.
(pdftex.def)             Requested size: 246.11513pt x 55.8075pt.
File: UA.jpg Graphic file (type jpg)
<use UA.jpg>
Package pdftex.def Info: UA.jpg  used on input line 791.
(pdftex.def)             Requested size: 9.02876pt x 9.02876pt.
 [24 <./img//49.png> <./img//50.png>]
<./img//51.png, id=199, 799.98875pt x 456.70625pt>
File: ./img//51.png Graphic file (type png)
<use ./img//51.png>
Package pdftex.def Info: ./img//51.png  used on input line 795.
(pdftex.def)             Requested size: 319.98984pt x 182.67926pt.
<./img//52.png, id=200, 711.65875pt x 226.8475pt>
File: ./img//52.png Graphic file (type png)
<use ./img//52.png>
Package pdftex.def Info: ./img//52.png  used on input line 822.
(pdftex.def)             Requested size: 284.65845pt x 90.73738pt.
File: UA.jpg Graphic file (type jpg)
<use UA.jpg>
Package pdftex.def Info: UA.jpg  used on input line 826.
(pdftex.def)             Requested size: 9.02876pt x 9.02876pt.
 [25 <./img//51.png> <./img//52.png>]
<./img//53.png, id=206, 713.66624pt x 392.46625pt>
File: ./img//53.png Graphic file (type png)
<use ./img//53.png>
Package pdftex.def Info: ./img//53.png  used on input line 852.
(pdftex.def)             Requested size: 285.46143pt x 156.9837pt.
<./img//54.png, id=207, 713.66624pt x 255.95625pt>
File: ./img//54.png Graphic file (type png)
<use ./img//54.png>
Package pdftex.def Info: ./img//54.png  used on input line 856.
(pdftex.def)             Requested size: 285.46143pt x 102.38068pt.
File: UA.jpg Graphic file (type jpg)
<use UA.jpg>
Package pdftex.def Info: UA.jpg  used on input line 861.
(pdftex.def)             Requested size: 9.02876pt x 9.02876pt.
 [26 <./img//53.png> <./img//54.png>]
<./img//55.png, id=214, 713.66624pt x 439.6425pt>
File: ./img//55.png Graphic file (type png)
<use ./img//55.png>
Package pdftex.def Info: ./img//55.png  used on input line 872.
(pdftex.def)             Requested size: 285.46143pt x 175.85388pt.
<./img//56.png, id=215, 713.66624pt x 439.6425pt>
File: ./img//56.png Graphic file (type png)
<use ./img//56.png>
Package pdftex.def Info: ./img//56.png  used on input line 876.
(pdftex.def)             Requested size: 285.46143pt x 175.85388pt.
File: UA.jpg Graphic file (type jpg)
<use UA.jpg>
Package pdftex.def Info: UA.jpg  used on input line 880.
(pdftex.def)             Requested size: 9.02876pt x 9.02876pt.
 [27 <./img//55.png> <./img//56.png>]
<./img//57.png, id=221, 713.66624pt x 383.4325pt>
File: ./img//57.png Graphic file (type png)
<use ./img//57.png>
Package pdftex.def Info: ./img//57.png  used on input line 884.
(pdftex.def)             Requested size: 285.46143pt x 153.37029pt.
<./img//58.png, id=222, 713.66624pt x 396.48125pt>
File: ./img//58.png Graphic file (type png)
<use ./img//58.png>
Package pdftex.def Info: ./img//58.png  used on input line 905.
(pdftex.def)             Requested size: 285.46143pt x 158.58968pt.
File: UA.jpg Graphic file (type jpg)
<use UA.jpg>
Package pdftex.def Info: UA.jpg  used on input line 909.
(pdftex.def)             Requested size: 9.02876pt x 9.02876pt.
 [28 <./img//57.png> <./img//58.png>]
<./img//59.png, id=228, 713.66624pt x 396.48125pt>
File: ./img//59.png Graphic file (type png)
<use ./img//59.png>
Package pdftex.def Info: ./img//59.png  used on input line 914.
(pdftex.def)             Requested size: 285.46143pt x 158.58968pt.
<./img//60.png, id=229, 713.66624pt x 253.94875pt>
File: ./img//60.png Graphic file (type png)
<use ./img//60.png>
Package pdftex.def Info: ./img//60.png  used on input line 920.
(pdftex.def)             Requested size: 285.46143pt x 101.5777pt.
<./img//61.png, id=230, 713.66624pt x 392.46625pt>
File: ./img//61.png Graphic file (type png)
<use ./img//61.png>
Package pdftex.def Info: ./img//61.png  used on input line 926.
(pdftex.def)             Requested size: 285.46143pt x 156.9837pt.
<./img//62.png, id=231, 713.66624pt x 403.5075pt>
File: ./img//62.png Graphic file (type png)
<use ./img//62.png>
Package pdftex.def Info: ./img//62.png  used on input line 927.
(pdftex.def)             Requested size: 285.46143pt x 161.40013pt.
File: UA.jpg Graphic file (type jpg)
<use UA.jpg>
Package pdftex.def Info: UA.jpg  used on input line 928.
(pdftex.def)             Requested size: 9.02876pt x 9.02876pt.
 [29 <./img//59.png> <./img//60.png> <./img//61.png>]
<./img//63.png, id=238, 713.66624pt x 357.335pt>
File: ./img//63.png Graphic file (type png)
<use ./img//63.png>
Package pdftex.def Info: ./img//63.png  used on input line 935.
(pdftex.def)             Requested size: 285.46143pt x 142.93146pt.
<./img//64.png, id=239, 713.66624pt x 356.33125pt>
File: ./img//64.png Graphic file (type png)
<use ./img//64.png>
Package pdftex.def Info: ./img//64.png  used on input line 946.
(pdftex.def)             Requested size: 285.46143pt x 142.52997pt.
File: UA.jpg Graphic file (type jpg)
<use UA.jpg>
Package pdftex.def Info: UA.jpg  used on input line 950.
(pdftex.def)             Requested size: 9.02876pt x 9.02876pt.
 [30 <./img//62.png> <./img//63.png> <./img//64.png>]
<./img//65.png, id=247, 713.66624pt x 315.1775pt>
File: ./img//65.png Graphic file (type png)
<use ./img//65.png>
Package pdftex.def Info: ./img//65.png  used on input line 954.
(pdftex.def)             Requested size: 285.46143pt x 126.06876pt.
<./img//66.png, id=248, 713.66624pt x 391.4625pt>
File: ./img//66.png Graphic file (type png)
<use ./img//66.png>
Package pdftex.def Info: ./img//66.png  used on input line 960.
(pdftex.def)             Requested size: 285.46143pt x 156.58221pt.
<./img//67.png, id=249, 713.66624pt x 281.05pt>
File: ./img//67.png Graphic file (type png)
<use ./img//67.png>
Package pdftex.def Info: ./img//67.png  used on input line 968.
(pdftex.def)             Requested size: 285.46143pt x 112.418pt.
File: UA.jpg Graphic file (type jpg)
<use UA.jpg>
Package pdftex.def Info: UA.jpg  used on input line 972.
(pdftex.def)             Requested size: 9.02876pt x 9.02876pt.
 [31 <./img//65.png> <./img//66.png> <./img//67.png>]
<./img//68.png, id=256, 713.66624pt x 281.05pt>
File: ./img//68.png Graphic file (type png)
<use ./img//68.png>
Package pdftex.def Info: ./img//68.png  used on input line 980.
(pdftex.def)             Requested size: 285.46143pt x 112.418pt.
<./img//69.png, id=257, 713.66624pt x 281.05pt>
File: ./img//69.png Graphic file (type png)
<use ./img//69.png>
Package pdftex.def Info: ./img//69.png  used on input line 989.
(pdftex.def)             Requested size: 285.46143pt x 112.418pt.
<./img//70.png, id=258, 713.66624pt x 234.8775pt>
File: ./img//70.png Graphic file (type png)
<use ./img//70.png>
Package pdftex.def Info: ./img//70.png  used on input line 995.
(pdftex.def)             Requested size: 285.46143pt x 93.94933pt.
File: UA.jpg Graphic file (type jpg)
<use UA.jpg>
Package pdftex.def Info: UA.jpg  used on input line 999.
(pdftex.def)             Requested size: 9.02876pt x 9.02876pt.
 [32 <./img//68.png> <./img//69.png> <./img//70.png>]
<./img//71.png, id=265, 713.66624pt x 325.215pt>
File: ./img//71.png Graphic file (type png)
<use ./img//71.png>
Package pdftex.def Info: ./img//71.png  used on input line 1003.
(pdftex.def)             Requested size: 285.46143pt x 130.0837pt.
<./img//72.png, id=266, 713.66624pt x 379.4175pt>
File: ./img//72.png Graphic file (type png)
<use ./img//72.png>
Package pdftex.def Info: ./img//72.png  used on input line 1016.
(pdftex.def)             Requested size: 285.46143pt x 151.7643pt.
<./img//73.png, id=267, 713.66624pt x 350.30875pt>
File: ./img//73.png Graphic file (type png)
<use ./img//73.png>
Package pdftex.def Info: ./img//73.png  used on input line 1023.
(pdftex.def)             Requested size: 285.46143pt x 140.12102pt.
File: UA.jpg Graphic file (type jpg)
<use UA.jpg>
Package pdftex.def Info: UA.jpg  used on input line 1027.
(pdftex.def)             Requested size: 9.02876pt x 9.02876pt.
 [33 <./img//71.png> <./img//72.png> <./img//73.png>]
<./img//74.png, id=274, 713.66624pt x 303.1325pt>
File: ./img//74.png Graphic file (type png)
<use ./img//74.png>
Package pdftex.def Info: ./img//74.png  used on input line 1037.
(pdftex.def)             Requested size: 285.46143pt x 121.25084pt.
<./img//75.png, id=275, 713.66624pt x 289.08pt>
File: ./img//75.png Graphic file (type png)
<use ./img//75.png>
Package pdftex.def Info: ./img//75.png  used on input line 1079.
(pdftex.def)             Requested size: 285.46143pt x 115.62994pt.
File: UA.jpg Graphic file (type jpg)
<use UA.jpg>
Package pdftex.def Info: UA.jpg  used on input line 1080.
(pdftex.def)             Requested size: 9.02876pt x 9.02876pt.
 [34 <./img//74.png>]
<./img//76.png, id=280, 713.66624pt x 359.3425pt>
File: ./img//76.png Graphic file (type png)
<use ./img//76.png>
Package pdftex.def Info: ./img//76.png  used on input line 1104.
(pdftex.def)             Requested size: 285.46143pt x 143.73445pt.
<./img//77.png, id=281, 713.66624pt x 406.51875pt>
File: ./img//77.png Graphic file (type png)
<use ./img//77.png>
Package pdftex.def Info: ./img//77.png  used on input line 1108.
(pdftex.def)             Requested size: 285.46143pt x 162.60461pt.
File: UA.jpg Graphic file (type jpg)
<use UA.jpg>
Package pdftex.def Info: UA.jpg  used on input line 1109.
(pdftex.def)             Requested size: 9.02876pt x 9.02876pt.
 [35 <./img//75.png> <./img//76.png>]
<./img//78.png, id=287, 713.66624pt x 383.4325pt>
File: ./img//78.png Graphic file (type png)
<use ./img//78.png>
Package pdftex.def Info: ./img//78.png  used on input line 1111.
(pdftex.def)             Requested size: 285.46143pt x 153.37029pt.
<./img//79.png, id=288, 713.66624pt x 417.56pt>
File: ./img//79.png Graphic file (type png)
<use ./img//79.png>
Package pdftex.def Info: ./img//79.png  used on input line 1114.
(pdftex.def)             Requested size: 285.46143pt x 167.02103pt.
<./img//80.png, id=289, 713.66624pt x 424.58624pt>
File: ./img//80.png Graphic file (type png)
<use ./img//80.png>
Package pdftex.def Info: ./img//80.png  used on input line 1117.
(pdftex.def)             Requested size: 285.46143pt x 169.83148pt.
File: UA.jpg Graphic file (type jpg)
<use UA.jpg>
Package pdftex.def Info: UA.jpg  used on input line 1118.
(pdftex.def)             Requested size: 9.02876pt x 9.02876pt.
 [36 <./img//77.png> <./img//78.png> <./img//79.png>]
<./img//81.png, id=297, 713.66624pt x 186.6975pt>
File: ./img//81.png Graphic file (type png)
<use ./img//81.png>
Package pdftex.def Info: ./img//81.png  used on input line 1138.
(pdftex.def)             Requested size: 285.46143pt x 74.67767pt.
<./img//82.png, id=298, 713.66624pt x 332.24126pt>
File: ./img//82.png Graphic file (type png)
<use ./img//82.png>
Package pdftex.def Info: ./img//82.png  used on input line 1145.
(pdftex.def)             Requested size: 285.46143pt x 132.89413pt.
File: UA.jpg Graphic file (type jpg)
<use UA.jpg>
Package pdftex.def Info: UA.jpg  used on input line 1146.
(pdftex.def)             Requested size: 9.02876pt x 9.02876pt.
 [37 <./img//80.png> <./img//81.png>]
<./img//83.png, id=304, 712.6625pt x 158.5925pt>
File: ./img//83.png Graphic file (type png)
<use ./img//83.png>
Package pdftex.def Info: ./img//83.png  used on input line 1154.
(pdftex.def)             Requested size: 285.05995pt x 63.43585pt.
File: UA.jpg Graphic file (type jpg)
<use UA.jpg>
Package pdftex.def Info: UA.jpg  used on input line 1185.
(pdftex.def)             Requested size: 9.02876pt x 9.02876pt.
 [38 <./img//82.png> <./img//83.png>]
<./img//84.png, id=310, 712.6625pt x 440.64626pt>
File: ./img//84.png Graphic file (type png)
<use ./img//84.png>
Package pdftex.def Info: ./img//84.png  used on input line 1190.
(pdftex.def)             Requested size: 285.05995pt x 176.25537pt.
<./img//85.png, id=311, 712.6625pt x 440.64626pt>
File: ./img//85.png Graphic file (type png)
<use ./img//85.png>
Package pdftex.def Info: ./img//85.png  used on input line 1193.
(pdftex.def)             Requested size: 285.05995pt x 176.25537pt.
File: UA.jpg Graphic file (type jpg)
<use UA.jpg>
Package pdftex.def Info: UA.jpg  used on input line 1213.
(pdftex.def)             Requested size: 9.02876pt x 9.02876pt.
 [39 <./img//84.png> <./img//85.png>]
<./img//86.png, id=317, 712.6625pt x 298.11375pt>
File: ./img//86.png Graphic file (type png)
<use ./img//86.png>
Package pdftex.def Info: ./img//86.png  used on input line 1217.
(pdftex.def)             Requested size: 285.05995pt x 119.24338pt.
<./img//87.png, id=318, 712.6625pt x 396.48125pt>
File: ./img//87.png Graphic file (type png)
<use ./img//87.png>
Package pdftex.def Info: ./img//87.png  used on input line 1222.
(pdftex.def)             Requested size: 285.05995pt x 158.58968pt.
File: UA.jpg Graphic file (type jpg)
<use UA.jpg>
Package pdftex.def Info: UA.jpg  used on input line 1227.
(pdftex.def)             Requested size: 9.02876pt x 9.02876pt.
 [40 <./img//86.png> <./img//87.png>]
<./img//88.png, id=324, 712.6625pt x 333.245pt>
File: ./img//88.png Graphic file (type png)
<use ./img//88.png>
Package pdftex.def Info: ./img//88.png  used on input line 1231.
(pdftex.def)             Requested size: 285.05995pt x 133.29562pt.
<./img//89.png, id=325, 712.6625pt x 437.635pt>
File: ./img//89.png Graphic file (type png)
<use ./img//89.png>
Package pdftex.def Info: ./img//89.png  used on input line 1237.
(pdftex.def)             Requested size: 285.05995pt x 175.05089pt.
File: UA.jpg Graphic file (type jpg)
<use UA.jpg>
Package pdftex.def Info: UA.jpg  used on input line 1241.
(pdftex.def)             Requested size: 9.02876pt x 9.02876pt.
 [41 <./img//88.png> <./img//89.png>] (./Resumos.aux) ) 
Here is how much of TeX's memory you used:
 6088 strings out of 480171
 97733 string characters out of 5894489
 393513 words of memory out of 5000000
 23943 multiletter control sequences out of 15000+600000
 478182 words of font info for 63 fonts, out of 8000000 for 9000
 59 hyphenation exceptions out of 8191
 68i,16n,76p,297b,466s stack positions out of 5000i,500n,10000p,200000b,80000s
 </home/mendes/.texlive2021/texmf-var/fonts/pk/ljfour/jknappen/ec/tcrm1000.600pk></usr/share/texlive/texmf-dist/fonts/type1/public/amsfonts/cm/cmbx10.pfb></usr/share/texlive/texmf-dist/fonts/type1/public/amsfonts/cm/cmbx12.pfb></usr/share/texlive/texmf-dist/fonts/type1/public/amsfonts/cm/cmex10.pfb></usr/share/texlive/texmf-dist/fonts/type1/public/amsfonts/cm/cmmi10.pfb></usr/share/texlive/texmf-dist/fonts/type1/public/amsfonts/cm/cmmi7.pfb></usr/share/texlive/texmf-dist/fonts/type1/public/amsfonts/cm/cmr10.pfb></usr/share/texlive/texmf-dist/fonts/type1/public/amsfonts/cm/cmr12.pfb></usr/share/texlive/texmf-dist/fonts/type1/public/amsfonts/cm/cmr17.pfb></usr/share/texlive/texmf-dist/fonts/type1/public/amsfonts/cm/cmr5.pfb></usr/share/texlive/texmf-dist/fonts/type1/public/amsfonts/cm/cmr7.pfb></usr/share/texlive/texmf-dist/fonts/type1/public/amsfonts/cm/cmsy10.pfb></usr/share/texlive/texmf-dist/fonts/type1/public/amsfonts/cm/cmsy5.pfb></usr/share/texlive/texmf-dist/fonts/type1/public/amsfonts/cm/cmsy7.pfb>
Output written on Resumos.pdf (42 pages, 2686801 bytes).
PDF statistics:
 394 PDF objects out of 1000 (max. 8388607)
 139 compressed objects within 2 object streams
 0 named destinations out of 1000 (max. 500000)
 456 words of extra memory for PDF output out of 10000 (max. 10000000)

