This is pdfTeX, Version 3.141592653-2.6-1.40.22 (TeX Live 2022/dev/Debian) (preloaded format=pdflatex 2023.3.24)  1 MAY 2023 17:06
entering extended mode
 restricted \write18 enabled.
 file:line:error style messages enabled.
 %&-line parsing enabled.
**/home/mendes/Desktop/C/Resumos/Resumos.tex
(/home/mendes/Desktop/C/Resumos/Resumos.tex
LaTeX2e <2021-11-15> patch level 1
L3 programming layer <2022-01-21> (/usr/share/texlive/texmf-dist/tex/latex/base/article.cls
Document Class: article 2021/10/04 v1.4n Standard LaTeX document class
(/usr/share/texlive/texmf-dist/tex/latex/base/size10.clo
File: size10.clo 2021/10/04 v1.4n Standard LaTeX file (size option)
)
\c@part=\count185
\c@section=\count186
\c@subsection=\count187
\c@subsubsection=\count188
\c@paragraph=\count189
\c@subparagraph=\count190
\c@figure=\count191
\c@table=\count192
\abovecaptionskip=\skip47
\belowcaptionskip=\skip48
\bibindent=\dimen138
) (/usr/share/texlive/texmf-dist/tex/latex/base/inputenc.sty
Package: inputenc 2021/02/14 v1.3d Input encoding file
\inpenc@prehook=\toks16
\inpenc@posthook=\toks17
) (/usr/share/texlive/texmf-dist/tex/latex/tools/indentfirst.sty
Package: indentfirst 1995/11/23 v1.03 Indent first paragraph (DPC)
) (/usr/share/texlive/texmf-dist/tex/latex/titling/titling.sty
Package: titling 2009/09/04 v2.1d maketitle typesetting
\thanksmarkwidth=\skip49
\thanksmargin=\skip50
\droptitle=\skip51
) (/usr/share/texlive/texmf-dist/tex/latex/geometry/geometry.sty
Package: geometry 2020/01/02 v5.9 Page Geometry
 (/usr/share/texlive/texmf-dist/tex/latex/graphics/keyval.sty
Package: keyval 2014/10/28 v1.15 key=value parser (DPC)
\KV@toks@=\toks18
) (/usr/share/texlive/texmf-dist/tex/generic/iftex/ifvtex.sty
Package: ifvtex 2019/10/25 v1.7 ifvtex legacy package. Use iftex instead.
 (/usr/share/texlive/texmf-dist/tex/generic/iftex/iftex.sty
Package: iftex 2020/03/06 v1.0d TeX engine tests
))
\Gm@cnth=\count193
\Gm@cntv=\count194
\c@Gm@tempcnt=\count195
\Gm@bindingoffset=\dimen139
\Gm@wd@mp=\dimen140
\Gm@odd@mp=\dimen141
\Gm@even@mp=\dimen142
\Gm@layoutwidth=\dimen143
\Gm@layoutheight=\dimen144
\Gm@layouthoffset=\dimen145
\Gm@layoutvoffset=\dimen146
\Gm@dimlist=\toks19
) (/usr/share/texlive/texmf-dist/tex/latex/graphics/graphicx.sty
Package: graphicx 2021/09/16 v1.2d Enhanced LaTeX Graphics (DPC,SPQR)
 (/usr/share/texlive/texmf-dist/tex/latex/graphics/graphics.sty
Package: graphics 2021/03/04 v1.4d Standard LaTeX Graphics (DPC,SPQR)
 (/usr/share/texlive/texmf-dist/tex/latex/graphics/trig.sty
Package: trig 2021/08/11 v1.11 sin cos tan (DPC)
) (/usr/share/texlive/texmf-dist/tex/latex/graphics-cfg/graphics.cfg
File: graphics.cfg 2016/06/04 v1.11 sample graphics configuration
)
Package graphics Info: Driver file: pdftex.def on input line 107.
 (/usr/share/texlive/texmf-dist/tex/latex/graphics-def/pdftex.def
File: pdftex.def 2020/10/05 v1.2a Graphics/color driver for pdftex
))
\Gin@req@height=\dimen147
\Gin@req@width=\dimen148
) (/usr/share/texlive/texmf-dist/tex/latex/amsfonts/amsfonts.sty
Package: amsfonts 2013/01/14 v3.01 Basic AMSFonts support
\@emptytoks=\toks20
\symAMSa=\mathgroup4
\symAMSb=\mathgroup5
LaTeX Font Info:    Redeclaring math symbol \hbar on input line 98.
LaTeX Font Info:    Overwriting math alphabet `\mathfrak' in version `bold'
(Font)                  U/euf/m/n --> U/euf/b/n on input line 106.
) (/usr/share/texlive/texmf-dist/tex/latex/mathtools/mathtools.sty
Package: mathtools 2021/02/02 v1.28 mathematical typesetting tools
 (/usr/share/texlive/texmf-dist/tex/latex/tools/calc.sty
Package: calc 2017/05/25 v4.3 Infix arithmetic (KKT,FJ)
\calc@Acount=\count196
\calc@Bcount=\count197
\calc@Adimen=\dimen149
\calc@Bdimen=\dimen150
\calc@Askip=\skip52
\calc@Bskip=\skip53
LaTeX Info: Redefining \setlength on input line 80.
LaTeX Info: Redefining \addtolength on input line 81.
\calc@Ccount=\count198
\calc@Cskip=\skip54
) (/usr/share/texlive/texmf-dist/tex/latex/mathtools/mhsetup.sty
Package: mhsetup 2021/03/18 v1.4 programming setup (MH)
) (/usr/share/texlive/texmf-dist/tex/latex/amsmath/amsmath.sty
Package: amsmath 2021/10/15 v2.17l AMS math features
\@mathmargin=\skip55

For additional information on amsmath, use the `?' option.
(/usr/share/texlive/texmf-dist/tex/latex/amsmath/amstext.sty
Package: amstext 2021/08/26 v2.01 AMS text
 (/usr/share/texlive/texmf-dist/tex/latex/amsmath/amsgen.sty
File: amsgen.sty 1999/11/30 v2.0 generic functions
\@emptytoks=\toks21
\ex@=\dimen151
)) (/usr/share/texlive/texmf-dist/tex/latex/amsmath/amsbsy.sty
Package: amsbsy 1999/11/29 v1.2d Bold Symbols
\pmbraise@=\dimen152
) (/usr/share/texlive/texmf-dist/tex/latex/amsmath/amsopn.sty
Package: amsopn 2021/08/26 v2.02 operator names
)
\inf@bad=\count199
LaTeX Info: Redefining \frac on input line 234.
\uproot@=\count266
\leftroot@=\count267
LaTeX Info: Redefining \overline on input line 399.
\classnum@=\count268
\DOTSCASE@=\count269
LaTeX Info: Redefining \ldots on input line 496.
LaTeX Info: Redefining \dots on input line 499.
LaTeX Info: Redefining \cdots on input line 620.
\Mathstrutbox@=\box50
\strutbox@=\box51
\big@size=\dimen153
LaTeX Font Info:    Redeclaring font encoding OML on input line 743.
LaTeX Font Info:    Redeclaring font encoding OMS on input line 744.
\macc@depth=\count270
\c@MaxMatrixCols=\count271
\dotsspace@=\muskip16
\c@parentequation=\count272
\dspbrk@lvl=\count273
\tag@help=\toks22
\row@=\count274
\column@=\count275
\maxfields@=\count276
\andhelp@=\toks23
\eqnshift@=\dimen154
\alignsep@=\dimen155
\tagshift@=\dimen156
\tagwidth@=\dimen157
\totwidth@=\dimen158
\lineht@=\dimen159
\@envbody=\toks24
\multlinegap=\skip56
\multlinetaggap=\skip57
\mathdisplay@stack=\toks25
LaTeX Info: Redefining \[ on input line 2938.
LaTeX Info: Redefining \] on input line 2939.
)
\g_MT_multlinerow_int=\count277
\l_MT_multwidth_dim=\dimen160
\origjot=\skip58
\l_MT_shortvdotswithinadjustabove_dim=\dimen161
\l_MT_shortvdotswithinadjustbelow_dim=\dimen162
\l_MT_above_intertext_sep=\dimen163
\l_MT_below_intertext_sep=\dimen164
\l_MT_above_shortintertext_sep=\dimen165
\l_MT_below_shortintertext_sep=\dimen166
\xmathstrut@box=\box52
\xmathstrut@dim=\dimen167
) (/usr/share/texlive/texmf-dist/tex/latex/enumitem/enumitem.sty
Package: enumitem 2019/06/20 v3.9 Customized lists
\labelindent=\skip59
\enit@outerparindent=\dimen168
\enit@toks=\toks26
\enit@inbox=\box53
\enit@count@id=\count278
\enitdp@description=\count279
) (/usr/share/texlive/texmf-dist/tex/latex/fancyhdr/fancyhdr.sty
Package: fancyhdr 2021/01/28 v4.0.1 Extensive control of page headers and footers
\f@nch@headwidth=\skip60
\f@nch@O@elh=\skip61
\f@nch@O@erh=\skip62
\f@nch@O@olh=\skip63
\f@nch@O@orh=\skip64
\f@nch@O@elf=\skip65
\f@nch@O@erf=\skip66
\f@nch@O@olf=\skip67
\f@nch@O@orf=\skip68
) (/usr/share/texlive/texmf-dist/tex/generic/ulem/ulem.sty
\UL@box=\box54
\UL@hyphenbox=\box55
\UL@skip=\skip69
\UL@hook=\toks27
\UL@height=\dimen169
\UL@pe=\count280
\UL@pixel=\dimen170
\ULC@box=\box56
Package: ulem 2019/11/18
\ULdepth=\dimen171
) (/usr/share/texlive/texmf-dist/tex/latex/xcolor/xcolor.sty
Package: xcolor 2021/10/31 v2.13 LaTeX color extensions (UK)
 (/usr/share/texlive/texmf-dist/tex/latex/graphics-cfg/color.cfg
File: color.cfg 2016/01/02 v1.6 sample color configuration
)
Package xcolor Info: Driver file: pdftex.def on input line 227.
Package xcolor Info: Model `cmy' substituted by `cmy0' on input line 1352.
Package xcolor Info: Model `hsb' substituted by `rgb' on input line 1356.
Package xcolor Info: Model `RGB' extended on input line 1368.
Package xcolor Info: Model `HTML' substituted by `rgb' on input line 1370.
Package xcolor Info: Model `Hsb' substituted by `hsb' on input line 1371.
Package xcolor Info: Model `tHsb' substituted by `hsb' on input line 1372.
Package xcolor Info: Model `HSB' substituted by `hsb' on input line 1373.
Package xcolor Info: Model `Gray' substituted by `gray' on input line 1374.
Package xcolor Info: Model `wave' substituted by `hsb' on input line 1375.
 (/usr/share/texlive/texmf-dist/tex/latex/graphics/dvipsnam.def
File: dvipsnam.def 2016/06/17 v3.0m Driver-dependent file (DPC,SPQR)
)) (/usr/share/texlive/texmf-dist/tex/latex/l3backend/l3backend-pdftex.def
File: l3backend-pdftex.def 2022-01-12 L3 backend support: PDF output (pdfTeX)
\l__color_backend_stack_int=\count281
\l__pdf_internal_box=\box57
) (./Resumos.aux)
\openout1 = `Resumos.aux'.

LaTeX Font Info:    Checking defaults for OML/cmm/m/it on input line 35.
LaTeX Font Info:    ... okay on input line 35.
LaTeX Font Info:    Checking defaults for OMS/cmsy/m/n on input line 35.
LaTeX Font Info:    ... okay on input line 35.
LaTeX Font Info:    Checking defaults for OT1/cmr/m/n on input line 35.
LaTeX Font Info:    ... okay on input line 35.
LaTeX Font Info:    Checking defaults for T1/cmr/m/n on input line 35.
LaTeX Font Info:    ... okay on input line 35.
LaTeX Font Info:    Checking defaults for TS1/cmr/m/n on input line 35.
LaTeX Font Info:    ... okay on input line 35.
LaTeX Font Info:    Checking defaults for OMX/cmex/m/n on input line 35.
LaTeX Font Info:    ... okay on input line 35.
LaTeX Font Info:    Checking defaults for U/cmr/m/n on input line 35.
LaTeX Font Info:    ... okay on input line 35.

*geometry* driver: auto-detecting
*geometry* detected driver: pdftex
*geometry* verbose mode - [ preamble ] result:
* driver: pdftex
* paper: a4paper
* layout: <same size as paper>
* layoutoffset:(h,v)=(0.0pt,0.0pt)
* modes: 
* h-part:(L,W,R)=(89.62709pt, 418.25368pt, 89.6271pt)
* v-part:(T,H,B)=(156.49014pt, 560.5193pt, 128.0374pt)
* \paperwidth=597.50787pt
* \paperheight=845.04684pt
* \textwidth=418.25368pt
* \textheight=560.5193pt
* \oddsidemargin=17.3571pt
* \evensidemargin=17.3571pt
* \topmargin=-54.59087pt
* \headheight=113.81102pt
* \headsep=25.0pt
* \topskip=10.0pt
* \footskip=113.81102pt
* \marginparwidth=65.0pt
* \marginparsep=11.0pt
* \columnsep=10.0pt
* \skip\footins=9.0pt plus 4.0pt minus 2.0pt
* \hoffset=0.0pt
* \voffset=0.0pt
* \mag=1000
* \@twocolumnfalse
* \@twosidefalse
* \@mparswitchfalse
* \@reversemarginfalse
* (1in=72.27pt=25.4mm, 1cm=28.453pt)

(/usr/share/texlive/texmf-dist/tex/context/base/mkii/supp-pdf.mkii
[Loading MPS to PDF converter (version 2006.09.02).]
\scratchcounter=\count282
\scratchdimen=\dimen172
\scratchbox=\box58
\nofMPsegments=\count283
\nofMParguments=\count284
\everyMPshowfont=\toks28
\MPscratchCnt=\count285
\MPscratchDim=\dimen173
\MPnumerator=\count286
\makeMPintoPDFobject=\count287
\everyMPtoPDFconversion=\toks29
) (/usr/share/texlive/texmf-dist/tex/latex/epstopdf-pkg/epstopdf-base.sty
Package: epstopdf-base 2020-01-24 v2.11 Base part for package epstopdf
 (/usr/share/texlive/texmf-dist/tex/generic/infwarerr/infwarerr.sty
Package: infwarerr 2019/12/03 v1.5 Providing info/warning/error messages (HO)
) (/usr/share/texlive/texmf-dist/tex/latex/grfext/grfext.sty
Package: grfext 2019/12/03 v1.3 Manage graphics extensions (HO)
 (/usr/share/texlive/texmf-dist/tex/generic/kvdefinekeys/kvdefinekeys.sty
Package: kvdefinekeys 2019-12-19 v1.6 Define keys (HO)
)) (/usr/share/texlive/texmf-dist/tex/latex/kvoptions/kvoptions.sty
Package: kvoptions 2020-10-07 v3.14 Key value format for package options (HO)
 (/usr/share/texlive/texmf-dist/tex/generic/ltxcmds/ltxcmds.sty
Package: ltxcmds 2020-05-10 v1.25 LaTeX kernel commands for general use (HO)
) (/usr/share/texlive/texmf-dist/tex/generic/kvsetkeys/kvsetkeys.sty
Package: kvsetkeys 2019/12/15 v1.18 Key value parser (HO)
)) (/usr/share/texlive/texmf-dist/tex/generic/pdftexcmds/pdftexcmds.sty
Package: pdftexcmds 2020-06-27 v0.33 Utility functions of pdfTeX for LuaTeX (HO)
Package pdftexcmds Info: \pdf@primitive is available.
Package pdftexcmds Info: \pdf@ifprimitive is available.
Package pdftexcmds Info: \pdfdraftmode found.
)
Package epstopdf-base Info: Redefining graphics rule for `.eps' on input line 485.
Package grfext Info: Graphics extension search list:
(grfext)             [.pdf,.png,.jpg,.mps,.jpeg,.jbig2,.jb2,.PDF,.PNG,.JPG,.JPEG,.JBIG2,.JB2,.eps]
(grfext)             \AppendGraphicsExtensions on input line 504.
 (/usr/share/texlive/texmf-dist/tex/latex/latexconfig/epstopdf-sys.cfg
File: epstopdf-sys.cfg 2010/07/13 v1.3 Configuration of (r)epstopdf for TeX Live
))
LaTeX Font Info:    Trying to load font information for U+msa on input line 39.
 (/usr/share/texlive/texmf-dist/tex/latex/amsfonts/umsa.fd
File: umsa.fd 2013/01/14 v3.01 AMS symbols A
)
LaTeX Font Info:    Trying to load font information for U+msb on input line 39.
 (/usr/share/texlive/texmf-dist/tex/latex/amsfonts/umsb.fd
File: umsb.fd 2013/01/14 v3.01 AMS symbols B
)
<UA.png, id=1, 368.37625pt x 137.51375pt>
File: UA.png Graphic file (type png)
<use UA.png>
Package pdftex.def Info: UA.png  used on input line 41.
(pdftex.def)             Requested size: 147.34789pt x 55.00452pt.
 [1

{/var/lib/texmf/fonts/map/pdftex/updmap/pdftex.map} <./UA.png>]
<UA.jpg, id=10, 903.375pt x 903.375pt>
File: UA.jpg Graphic file (type jpg)
<use UA.jpg>
Package pdftex.def Info: UA.jpg  used on input line 102.
(pdftex.def)             Requested size: 9.02876pt x 9.02876pt.
 [1 <./UA.jpg>]
<./img//1.png, id=17, 592.2125pt x 59.22125pt>
File: ./img//1.png Graphic file (type png)
<use ./img//1.png>
Package pdftex.def Info: ./img//1.png  used on input line 106.
(pdftex.def)             Requested size: 236.8808pt x 23.68806pt.
<./img//2.png, id=19, 399.4925pt x 61.22874pt>
File: ./img//2.png Graphic file (type png)
<use ./img//2.png>
Package pdftex.def Info: ./img//2.png  used on input line 124.
(pdftex.def)             Requested size: 159.79416pt x 24.49104pt.
<./img//3.png, id=20, 861.2175pt x 575.14874pt>
File: ./img//3.png Graphic file (type png)
<use ./img//3.png>
Package pdftex.def Info: ./img//3.png  used on input line 132.
(pdftex.def)             Requested size: 258.36723pt x 172.54594pt.
<./img//4.png, id=21, 810.02625pt x 519.9425pt>
File: ./img//4.png Graphic file (type png)
<use ./img//4.png>
Package pdftex.def Info: ./img//4.png  used on input line 136.
(pdftex.def)             Requested size: 243.00975pt x 155.98395pt.
File: UA.jpg Graphic file (type jpg)
<use UA.jpg>
Package pdftex.def Info: UA.jpg  used on input line 140.
(pdftex.def)             Requested size: 9.02876pt x 9.02876pt.
 [2 <./img//1.png> <./img//2.png> <./img//3.png> <./img//4.png>]
<./img//5.png, id=29, 453.695pt x 170.6375pt>
File: ./img//5.png Graphic file (type png)
<use ./img//5.png>
Package pdftex.def Info: ./img//5.png  used on input line 144.
(pdftex.def)             Requested size: 181.47478pt x 68.25378pt.
<./img//6.png, id=30, 814.04124pt x 271.0125pt>
File: ./img//6.png Graphic file (type png)
<use ./img//6.png>
Package pdftex.def Info: ./img//6.png  used on input line 165.
(pdftex.def)             Requested size: 244.21425pt x 81.30437pt.
<./img//7.png, id=31, 623.32875pt x 536.0025pt>
File: ./img//7.png Graphic file (type png)
<use ./img//7.png>
Package pdftex.def Info: ./img//7.png  used on input line 171.
(pdftex.def)             Requested size: 249.32707pt x 214.3972pt.
File: UA.jpg Graphic file (type jpg)
<use UA.jpg>
Package pdftex.def Info: UA.jpg  used on input line 178.
(pdftex.def)             Requested size: 9.02876pt x 9.02876pt.
 [3 <./img//5.png> <./img//6.png> <./img//7.png>]
File: UA.jpg Graphic file (type jpg)
<use UA.jpg>
Package pdftex.def Info: UA.jpg  used on input line 239.
(pdftex.def)             Requested size: 9.02876pt x 9.02876pt.
 [4]
<./img//8.png, id=44, 653.44125pt x 200.75pt>
File: ./img//8.png Graphic file (type png)
<use ./img//8.png>
Package pdftex.def Info: ./img//8.png  used on input line 259.
(pdftex.def)             Requested size: 228.70786pt x 70.26353pt.
<./img//9.png, id=45, 745.78625pt x 182.6825pt>
File: ./img//9.png Graphic file (type png)
<use ./img//9.png>
Package pdftex.def Info: ./img//9.png  used on input line 263.
(pdftex.def)             Requested size: 261.0291pt x 63.93982pt.
File: UA.jpg Graphic file (type jpg)
<use UA.jpg>
Package pdftex.def Info: UA.jpg  used on input line 298.
(pdftex.def)             Requested size: 9.02876pt x 9.02876pt.
 [5 <./img//8.png> <./img//9.png>]
<./img//10.png, id=51, 226.8475pt x 92.345pt>
File: ./img//10.png Graphic file (type png)
<use ./img//10.png>
Package pdftex.def Info: ./img//10.png  used on input line 329.
(pdftex.def)             Requested size: 90.73738pt x 36.93733pt.
<./img//11.png, id=52, 275.0275pt x 49.18375pt>
File: ./img//11.png Graphic file (type png)
<use ./img//11.png>
Package pdftex.def Info: ./img//11.png  used on input line 334.
(pdftex.def)             Requested size: 110.00905pt x 19.67314pt.
<./img//12.png, id=53, 764.8575pt x 121.45375pt>
File: ./img//12.png Graphic file (type png)
<use ./img//12.png>
Package pdftex.def Info: ./img//12.png  used on input line 338.
(pdftex.def)             Requested size: 305.93758pt x 48.58063pt.
File: UA.jpg Graphic file (type jpg)
<use UA.jpg>
Package pdftex.def Info: UA.jpg  used on input line 343.
(pdftex.def)             Requested size: 9.02876pt x 9.02876pt.
 [6 <./img//10.png> <./img//11.png> <./img//12.png>]
LaTeX Font Info:    Trying to load font information for OMS+cmr on input line 376.
 (/usr/share/texlive/texmf-dist/tex/latex/base/omscmr.fd
File: omscmr.fd 2019/12/16 v2.5j Standard LaTeX font definitions
)
LaTeX Font Info:    Font shape `OMS/cmr/m/n' in size <10> not available
(Font)              Font shape `OMS/cmsy/m/n' tried instead on input line 376.
File: UA.jpg Graphic file (type jpg)
<use UA.jpg>
Package pdftex.def Info: UA.jpg  used on input line 410.
(pdftex.def)             Requested size: 9.02876pt x 9.02876pt.
 [7]
File: UA.jpg Graphic file (type jpg)
<use UA.jpg>
Package pdftex.def Info: UA.jpg  used on input line 459.
(pdftex.def)             Requested size: 9.02876pt x 9.02876pt.
 [8]
File: UA.jpg Graphic file (type jpg)
<use UA.jpg>
Package pdftex.def Info: UA.jpg  used on input line 509.
(pdftex.def)             Requested size: 9.02876pt x 9.02876pt.
 [9]
File: UA.jpg Graphic file (type jpg)
<use UA.jpg>
Package pdftex.def Info: UA.jpg  used on input line 557.
(pdftex.def)             Requested size: 9.02876pt x 9.02876pt.
 [10]
File: UA.jpg Graphic file (type jpg)
<use UA.jpg>
Package pdftex.def Info: UA.jpg  used on input line 619.
(pdftex.def)             Requested size: 9.02876pt x 9.02876pt.
 [11]
<./img//13.png, id=81, 600.2425pt x 245.91875pt>
File: ./img//13.png Graphic file (type png)
<use ./img//13.png>
Package pdftex.def Info: ./img//13.png  used on input line 632.
(pdftex.def)             Requested size: 180.07413pt x 73.77618pt.
<./img//14.png, id=82, 412.54124pt x 321.2pt>
File: ./img//14.png Graphic file (type png)
<use ./img//14.png>
Package pdftex.def Info: ./img//14.png  used on input line 677.
(pdftex.def)             Requested size: 185.64185pt x 144.53867pt.
File: UA.jpg Graphic file (type jpg)
<use UA.jpg>
Package pdftex.def Info: UA.jpg  used on input line 678.
(pdftex.def)             Requested size: 9.02876pt x 9.02876pt.
 [12 <./img//13.png>]
<./img//15.png, id=88, 850.17625pt x 338.26375pt>
File: ./img//15.png Graphic file (type png)
<use ./img//15.png>
Package pdftex.def Info: ./img//15.png  used on input line 725.
(pdftex.def)             Requested size: 297.56615pt x 118.39407pt.
File: UA.jpg Graphic file (type jpg)
<use UA.jpg>
Package pdftex.def Info: UA.jpg  used on input line 726.
(pdftex.def)             Requested size: 9.02876pt x 9.02876pt.
 [13 <./img//14.png>]
File: UA.jpg Graphic file (type jpg)
<use UA.jpg>
Package pdftex.def Info: UA.jpg  used on input line 769.
(pdftex.def)             Requested size: 9.02876pt x 9.02876pt.
 [14 <./img//15.png>]
<./img//16.png, id=97, 812.03375pt x 632.3625pt>
File: ./img//16.png Graphic file (type png)
<use ./img//16.png>
Package pdftex.def Info: ./img//16.png  used on input line 775.
(pdftex.def)             Requested size: 284.21606pt x 221.33018pt.
<./img//17.png, id=98, 826.08624pt x 353.32pt>
File: ./img//17.png Graphic file (type png)
<use ./img//17.png>
Package pdftex.def Info: ./img//17.png  used on input line 785.
(pdftex.def)             Requested size: 289.1345pt x 123.66385pt.
File: UA.jpg Graphic file (type jpg)
<use UA.jpg>
Package pdftex.def Info: UA.jpg  used on input line 790.
(pdftex.def)             Requested size: 9.02876pt x 9.02876pt.
 [15 <./img//16.png> <./img//17.png>]
<./img//18.png, id=104, 793.96625pt x 344.28625pt>
File: ./img//18.png Graphic file (type png)
<use ./img//18.png>
Package pdftex.def Info: ./img//18.png  used on input line 800.
(pdftex.def)             Requested size: 277.89235pt x 120.50198pt.
<./img//19.png, id=105, 753.81625pt x 342.27875pt>
File: ./img//19.png Graphic file (type png)
<use ./img//19.png>
Package pdftex.def Info: ./img//19.png  used on input line 811.
(pdftex.def)             Requested size: 263.83965pt x 119.79935pt.
File: UA.jpg Graphic file (type jpg)
<use UA.jpg>
Package pdftex.def Info: UA.jpg  used on input line 816.
(pdftex.def)             Requested size: 9.02876pt x 9.02876pt.
 [16 <./img//18.png> <./img//19.png>]
<./img//20.png, id=111, 698.61pt x 101.37875pt>
File: ./img//20.png Graphic file (type png)
<use ./img//20.png>
Package pdftex.def Info: ./img//20.png  used on input line 827.
(pdftex.def)             Requested size: 244.51715pt x 35.48308pt.
<./img//21.png, id=112, 767.86874pt x 171.64125pt>
File: ./img//21.png Graphic file (type png)
<use ./img//21.png>
Package pdftex.def Info: ./img//21.png  used on input line 835.
(pdftex.def)             Requested size: 268.75809pt x 60.07532pt.
<./img//22.png, id=113, 260.975pt x 146.5475pt>
File: ./img//22.png Graphic file (type png)
<use ./img//22.png>
Package pdftex.def Info: ./img//22.png  used on input line 857.
(pdftex.def)             Requested size: 78.29309pt x 43.96457pt.
<./img//23.png, id=114, 777.90625pt x 241.90375pt>
File: ./img//23.png Graphic file (type png)
<use ./img//23.png>
Package pdftex.def Info: ./img//23.png  used on input line 863.
(pdftex.def)             Requested size: 311.15698pt x 96.75978pt.
File: UA.jpg Graphic file (type jpg)
<use UA.jpg>
Package pdftex.def Info: UA.jpg  used on input line 868.
(pdftex.def)             Requested size: 9.02876pt x 9.02876pt.
 [17 <./img//20.png> <./img//21.png> <./img//22.png> <./img//23.png>]
<./img//24.png, id=122, 764.8575pt x 167.62625pt>
File: ./img//24.png Graphic file (type png)
<use ./img//24.png>
Package pdftex.def Info: ./img//24.png  used on input line 902.
(pdftex.def)             Requested size: 267.70413pt x 58.67006pt.
<./img//25.png, id=123, 366.36874pt x 328.22626pt>
File: ./img//25.png Graphic file (type png)
<use ./img//25.png>
Package pdftex.def Info: ./img//25.png  used on input line 910.
(pdftex.def)             Requested size: 146.54489pt x 131.28816pt.
<./img//26.png, id=124, 781.92125pt x 366.36874pt>
File: ./img//26.png Graphic file (type png)
<use ./img//26.png>
Package pdftex.def Info: ./img//26.png  used on input line 921.
(pdftex.def)             Requested size: 273.67653pt x 128.23097pt.
File: UA.jpg Graphic file (type jpg)
<use UA.jpg>
Package pdftex.def Info: UA.jpg  used on input line 922.
(pdftex.def)             Requested size: 9.02876pt x 9.02876pt.
 [18 <./img//24.png> <./img//25.png>]
<./img//27.png, id=131, 784.9325pt x 621.32124pt>
File: ./img//27.png Graphic file (type png)
<use ./img//27.png>
Package pdftex.def Info: ./img//27.png  used on input line 926.
(pdftex.def)             Requested size: 235.48155pt x 186.39781pt.
File: UA.jpg Graphic file (type jpg)
<use UA.jpg>
Package pdftex.def Info: UA.jpg  used on input line 940.
(pdftex.def)             Requested size: 9.02876pt x 9.02876pt.
 [19 <./img//26.png> <./img//27.png>]
<./img//28.png, id=137, 874.26625pt x 325.215pt>
File: ./img//28.png Graphic file (type png)
<use ./img//28.png>
Package pdftex.def Info: ./img//28.png  used on input line 944.
(pdftex.def)             Requested size: 262.28189pt x 97.56525pt.
<./img//29.png, id=138, 759.83875pt x 384.43625pt>
File: ./img//29.png Graphic file (type png)
<use ./img//29.png>
Package pdftex.def Info: ./img//29.png  used on input line 955.
(pdftex.def)             Requested size: 227.95337pt x 115.33176pt.
<./img//30.png, id=139, 853.1875pt x 319.1925pt>
File: ./img//30.png Graphic file (type png)
<use ./img//30.png>
Package pdftex.def Info: ./img//30.png  used on input line 961.
(pdftex.def)             Requested size: 255.95822pt x 95.75848pt.
File: UA.jpg Graphic file (type jpg)
<use UA.jpg>
Package pdftex.def Info: UA.jpg  used on input line 966.
(pdftex.def)             Requested size: 9.02876pt x 9.02876pt.
 [20 <./img//28.png> <./img//29.png> <./img//30.png>]
<./img//31.png, id=146, 763.85374pt x 260.975pt>
File: ./img//31.png Graphic file (type png)
<use ./img//31.png>
Package pdftex.def Info: ./img//31.png  used on input line 972.
(pdftex.def)             Requested size: 229.15788pt x 78.29309pt.
<./img//32.png, id=147, 756.8275pt x 243.91125pt>
File: ./img//32.png Graphic file (type png)
<use ./img//32.png>
Package pdftex.def Info: ./img//32.png  used on input line 988.
(pdftex.def)             Requested size: 227.05pt x 73.17393pt.
<./img//33.png, id=148, 763.85374pt x 151.56625pt>
File: ./img//33.png Graphic file (type png)
<use ./img//33.png>
Package pdftex.def Info: ./img//33.png  used on input line 1016.
(pdftex.def)             Requested size: 229.15788pt x 45.47021pt.
File: UA.jpg Graphic file (type jpg)
<use UA.jpg>
Package pdftex.def Info: UA.jpg  used on input line 1017.
(pdftex.def)             Requested size: 9.02876pt x 9.02876pt.
 [21 <./img//31.png> <./img//32.png>]
<./img//34.png, id=154, 763.85374pt x 696.6025pt>
File: ./img//34.png Graphic file (type png)
<use ./img//34.png>
Package pdftex.def Info: ./img//34.png  used on input line 1049.
(pdftex.def)             Requested size: 267.35281pt x 243.81453pt.
File: UA.jpg Graphic file (type jpg)
<use UA.jpg>
Package pdftex.def Info: UA.jpg  used on input line 1054.
(pdftex.def)             Requested size: 9.02876pt x 9.02876pt.
 [22 <./img//33.png> <./img//34.png>]
File: UA.jpg Graphic file (type jpg)
<use UA.jpg>
Package pdftex.def Info: UA.jpg  used on input line 1097.
(pdftex.def)             Requested size: 9.02876pt x 9.02876pt.
 [23] (./Resumos.aux) ) 
Here is how much of TeX's memory you used:
 5506 strings out of 480171
 88716 string characters out of 5894489
 395471 words of memory out of 5000000
 23358 multiletter control sequences out of 15000+600000
 478182 words of font info for 63 fonts, out of 8000000 for 9000
 59 hyphenation exceptions out of 8191
 68i,15n,76p,296b,452s stack positions out of 5000i,500n,10000p,200000b,80000s
 </home/mendes/.texlive2021/texmf-var/fonts/pk/ljfour/jknappen/ec/tcrm1000.600pk></usr/share/texlive/texmf-dist/fonts/type1/public/amsfonts/cm/cmbx10.pfb></usr/share/texlive/texmf-dist/fonts/type1/public/amsfonts/cm/cmbx12.pfb></usr/share/texlive/texmf-dist/fonts/type1/public/amsfonts/cm/cmex10.pfb></usr/share/texlive/texmf-dist/fonts/type1/public/amsfonts/cm/cmmi10.pfb></usr/share/texlive/texmf-dist/fonts/type1/public/amsfonts/cm/cmmi7.pfb></usr/share/texlive/texmf-dist/fonts/type1/public/amsfonts/cm/cmr10.pfb></usr/share/texlive/texmf-dist/fonts/type1/public/amsfonts/cm/cmr12.pfb></usr/share/texlive/texmf-dist/fonts/type1/public/amsfonts/cm/cmr17.pfb></usr/share/texlive/texmf-dist/fonts/type1/public/amsfonts/cm/cmr7.pfb></usr/share/texlive/texmf-dist/fonts/type1/public/amsfonts/cm/cmsy10.pfb></usr/share/texlive/texmf-dist/fonts/type1/public/amsfonts/cm/cmsy7.pfb></usr/share/texlive/texmf-dist/fonts/type1/public/amsfonts/symbols/msbm10.pfb>
Output written on Resumos.pdf (24 pages, 1074725 bytes).
PDF statistics:
 219 PDF objects out of 1000 (max. 8388607)
 95 compressed objects within 1 object stream
 0 named destinations out of 1000 (max. 500000)
 181 words of extra memory for PDF output out of 10000 (max. 10000000)

